2002.04.08 17:28 B H:\web\xbkAPI_DEV\projects\xbkEmail\images\delete_button.gif --> kreal.net /public_html/xbkAPI_DEV/projects/xbkEmail/images delete_button.gif
2002.04.08 17:28 B H:\web\xbkAPI_DEV\projects\xbkEmail\images\delete_buttonP.gif --> kreal.net /public_html/xbkAPI_DEV/projects/xbkEmail/images delete_buttonP.gif
2002.04.08 17:28 B H:\web\xbkAPI_DEV\projects\xbkEmail\images\delete_buttonR.gif --> kreal.net /public_html/xbkAPI_DEV/projects/xbkEmail/images delete_buttonR.gif
2002.04.08 17:28 B H:\web\xbkAPI_DEV\projects\xbkEmail\images\edit_tab.gif --> kreal.net /public_html/xbkAPI_DEV/projects/xbkEmail/images edit_tab.gif
2002.04.08 17:28 B H:\web\xbkAPI_DEV\projects\xbkEmail\images\edit_tabP.gif --> kreal.net /public_html/xbkAPI_DEV/projects/xbkEmail/images edit_tabP.gif
2002.04.08 17:28 B H:\web\xbkAPI_DEV\projects\xbkEmail\images\edit_tabR.gif --> kreal.net /public_html/xbkAPI_DEV/projects/xbkEmail/images edit_tabR.gif
2002.04.08 17:28 B H:\web\xbkAPI_DEV\projects\xbkEmail\images\file_tab.gif --> kreal.net /public_html/xbkAPI_DEV/projects/xbkEmail/images file_tab.gif
2002.04.08 17:28 B H:\web\xbkAPI_DEV\projects\xbkEmail\images\file_tabP.gif --> kreal.net /public_html/xbkAPI_DEV/projects/xbkEmail/images file_tabP.gif
2002.04.08 17:28 B H:\web\xbkAPI_DEV\projects\xbkEmail\images\file_tabR.gif --> kreal.net /public_html/xbkAPI_DEV/projects/xbkEmail/images file_tabR.gif
2002.04.08 17:28 B H:\web\xbkAPI_DEV\projects\xbkEmail\images\help_tab.gif --> kreal.net /public_html/xbkAPI_DEV/projects/xbkEmail/images help_tab.gif
2002.04.08 17:28 B H:\web\xbkAPI_DEV\projects\xbkEmail\images\help_tabP.gif --> kreal.net /public_html/xbkAPI_DEV/projects/xbkEmail/images help_tabP.gif
2002.04.08 17:28 B H:\web\xbkAPI_DEV\projects\xbkEmail\images\help_tabR.gif --> kreal.net /public_html/xbkAPI_DEV/projects/xbkEmail/images help_tabR.gif
2002.04.08 17:28 B H:\web\xbkAPI_DEV\projects\xbkEmail\images\mailbox.gif --> kreal.net /public_html/xbkAPI_DEV/projects/xbkEmail/images mailbox.gif
2002.04.08 17:28 B H:\web\xbkAPI_DEV\projects\xbkEmail\images\new_button.gif --> kreal.net /public_html/xbkAPI_DEV/projects/xbkEmail/images new_button.gif
2002.04.08 17:28 B H:\web\xbkAPI_DEV\projects\xbkEmail\images\new_buttonP.gif --> kreal.net /public_html/xbkAPI_DEV/projects/xbkEmail/images new_buttonP.gif
2002.04.08 17:28 B H:\web\xbkAPI_DEV\projects\xbkEmail\images\new_buttonR.gif --> kreal.net /public_html/xbkAPI_DEV/projects/xbkEmail/images new_buttonR.gif
2002.04.08 17:28 B H:\web\xbkAPI_DEV\projects\xbkEmail\images\print_button.gif --> kreal.net /public_html/xbkAPI_DEV/projects/xbkEmail/images print_button.gif
2002.04.08 17:28 B H:\web\xbkAPI_DEV\projects\xbkEmail\images\print_buttonP.gif --> kreal.net /public_html/xbkAPI_DEV/projects/xbkEmail/images print_buttonP.gif
2002.04.08 17:28 B H:\web\xbkAPI_DEV\projects\xbkEmail\images\print_buttonR.gif --> kreal.net /public_html/xbkAPI_DEV/projects/xbkEmail/images print_buttonR.gif
2002.04.08 17:28 B H:\web\xbkAPI_DEV\projects\xbkEmail\images\reply_all_button.gif --> kreal.net /public_html/xbkAPI_DEV/projects/xbkEmail/images reply_all_button.gif
2002.04.08 17:29 B H:\web\xbkAPI_DEV\projects\xbkEmail\images\reply_all_buttonP.gif --> kreal.net /public_html/xbkAPI_DEV/projects/xbkEmail/images reply_all_buttonP.gif
2002.04.08 17:29 B H:\web\xbkAPI_DEV\projects\xbkEmail\images\reply_all_buttonR.gif --> kreal.net /public_html/xbkAPI_DEV/projects/xbkEmail/images reply_all_buttonR.gif
2002.04.08 17:29 B H:\web\xbkAPI_DEV\projects\xbkEmail\images\reply_button.gif --> kreal.net /public_html/xbkAPI_DEV/projects/xbkEmail/images reply_button.gif
2002.04.08 17:29 B H:\web\xbkAPI_DEV\projects\xbkEmail\images\reply_buttonP.gif --> kreal.net /public_html/xbkAPI_DEV/projects/xbkEmail/images reply_buttonP.gif
2002.04.08 17:29 B H:\web\xbkAPI_DEV\projects\xbkEmail\images\reply_buttonR.gif --> kreal.net /public_html/xbkAPI_DEV/projects/xbkEmail/images reply_buttonR.gif
2002.04.08 17:29 B H:\web\xbkAPI_DEV\projects\xbkEmail\images\tools_tab.gif --> kreal.net /public_html/xbkAPI_DEV/projects/xbkEmail/images tools_tab.gif
2002.04.08 17:29 B H:\web\xbkAPI_DEV\projects\xbkEmail\images\tools_tabP.gif --> kreal.net /public_html/xbkAPI_DEV/projects/xbkEmail/images tools_tabP.gif
2002.04.08 17:29 B H:\web\xbkAPI_DEV\projects\xbkEmail\images\tools_tabR.gif --> kreal.net /public_html/xbkAPI_DEV/projects/xbkEmail/images tools_tabR.gif
2002.04.08 17:29 B H:\web\xbkAPI_DEV\projects\xbkEmail\images\view_tab.gif --> kreal.net /public_html/xbkAPI_DEV/projects/xbkEmail/images view_tab.gif
2002.04.08 17:29 B H:\web\xbkAPI_DEV\projects\xbkEmail\images\view_tabP.gif --> kreal.net /public_html/xbkAPI_DEV/projects/xbkEmail/images view_tabP.gif
2002.04.08 17:29 B H:\web\xbkAPI_DEV\projects\xbkEmail\images\view_tabR.gif --> kreal.net /public_html/xbkAPI_DEV/projects/xbkEmail/images view_tabR.gif
